2022-11-25 11:19:45.249  INFO [media-service,,] 35996 --- [main] c.c.c.ConfigServicePropertySourceLocator : Fetching config from server at : http://localhost:9196
2022-11-25 11:19:47.055  INFO [media-service,,] 35996 --- [main] c.c.c.ConfigServicePropertySourceLocator : Located environment: name=media-service, profiles=[default], label=null, version=8380213131ea47d2fedf490c3e30b7b6152be357, state=null
2022-11-25 11:19:47.056  INFO [media-service,,] 35996 --- [main] b.c.PropertySourceBootstrapConfiguration : Located property source: [BootstrapPropertySource {name='bootstrapProperties-configClient'}, BootstrapPropertySource {name='bootstrapProperties-https://github.com/RalphWinner/cloud-config-server/file:C:\Users\rd043481\AppData\Local\Temp\config-repo-9884375547030323427\application.yml'}]
2022-11-25 11:19:47.071  INFO [media-service,,] 35996 --- [main] com.ralph.MediaApplication               : No active profile set, falling back to default profiles: default
2022-11-25 11:19:48.217  INFO [media-service,,] 35996 --- [main] .s.d.r.c.RepositoryConfigurationDelegate : Bootstrapping Spring Data JPA repositories in DEFAULT mode.
2022-11-25 11:19:48.418  INFO [media-service,,] 35996 --- [main] .s.d.r.c.RepositoryConfigurationDelegate : Finished Spring Data repository scanning in 191 ms. Found 3 JPA repository interfaces.
2022-11-25 11:19:48.933  INFO [media-service,,] 35996 --- [main] o.s.cloud.context.scope.GenericScope     : BeanFactory id=39897cc6-5dd5-3807-b29b-e3f0d37fce05
2022-11-25 11:19:49.734  INFO [media-service,,] 35996 --- [main] o.s.b.w.embedded.tomcat.TomcatWebServer  : Tomcat initialized with port(s): 8080 (http)
2022-11-25 11:19:49.748  INFO [media-service,,] 35996 --- [main] o.apache.catalina.core.StandardService   : Starting service [Tomcat]
2022-11-25 11:19:49.748  INFO [media-service,,] 35996 --- [main] org.apache.catalina.core.StandardEngine  : Starting Servlet engine: [Apache Tomcat/9.0.55]
2022-11-25 11:19:49.923  INFO [media-service,,] 35996 --- [main] o.a.c.c.C.[Tomcat].[localhost].[/]       : Initializing Spring embedded WebApplicationContext
2022-11-25 11:19:49.923  INFO [media-service,,] 35996 --- [main] w.s.c.ServletWebServerApplicationContext : Root WebApplicationContext: initialization completed in 2834 ms
2022-11-25 11:19:50.377  WARN [media-service,,] 35996 --- [main] o.s.c.s.a.z.ZipkinAutoConfiguration      : Check result of the [RestTemplateSender{http://127.0.0.1:9411/api/v2/spans}] contains an error [CheckResult{ok=false, error=org.springframework.web.client.HttpClientErrorException$BadRequest: 400 Bad Request: "Empty JSON_V2 message"}]
2022-11-25 11:19:50.694  INFO [media-service,,] 35996 --- [main] o.hibernate.jpa.internal.util.LogHelper  : HHH000204: Processing PersistenceUnitInfo [name: default]
2022-11-25 11:19:50.812  INFO [media-service,,] 35996 --- [main] org.hibernate.Version                    : HHH000412: Hibernate ORM core version 5.4.32.Final
2022-11-25 11:19:51.108  INFO [media-service,,] 35996 --- [main] o.hibernate.annotations.common.Version   : HCANN000001: Hibernate Commons Annotations {5.1.2.Final}
2022-11-25 11:19:51.266  INFO [media-service,,] 35996 --- [main] com.zaxxer.hikari.HikariDataSource       : HikariPool-1 - Starting...
2022-11-25 11:19:51.762  INFO [media-service,,] 35996 --- [main] com.zaxxer.hikari.HikariDataSource       : HikariPool-1 - Start completed.
2022-11-25 11:19:51.791  INFO [media-service,,] 35996 --- [main] org.hibernate.dialect.Dialect            : HHH000400: Using dialect: org.hibernate.dialect.PostgreSQLDialect
2022-11-25 11:19:53.415  INFO [media-service,,] 35996 --- [main] o.h.e.t.j.p.i.JtaPlatformInitiator       : HHH000490: Using JtaPlatform implementation: [org.hibernate.engine.transaction.jta.platform.internal.NoJtaPlatform]
2022-11-25 11:19:53.429  INFO [media-service,,] 35996 --- [main] j.LocalContainerEntityManagerFactoryBean : Initialized JPA EntityManagerFactory for persistence unit 'default'
2022-11-25 11:19:53.925  WARN [media-service,,] 35996 --- [main] JpaBaseConfiguration$JpaWebConfiguration : spring.jpa.open-in-view is enabled by default. Therefore, database queries may be performed during view rendering. Explicitly configure spring.jpa.open-in-view to disable this warning
2022-11-25 11:19:54.395  INFO [media-service,,] 35996 --- [main] pertySourcedRequestMappingHandlerMapping : Mapped URL path [/v2/api-docs] onto method [springfox.documentation.swagger2.web.Swagger2Controller#getDocumentation(String, HttpServletRequest)]
2022-11-25 11:19:56.893  INFO [media-service,,] 35996 --- [main] DiscoveryClientOptionalArgsConfiguration : Eureka HTTP Client uses RestTemplate.
2022-11-25 11:19:57.580  WARN [media-service,,] 35996 --- [main] iguration$LoadBalancerCaffeineWarnLogger : Spring Cloud LoadBalancer is currently working with the default cache. You can switch to using Caffeine cache, by adding it and org.springframework.cache.caffeine.CaffeineCacheManager to the classpath.
2022-11-25 11:19:57.725  INFO [media-service,,] 35996 --- [main] o.s.c.n.eureka.InstanceInfoFactory       : Setting initial instance status as: STARTING
2022-11-25 11:19:57.759  INFO [media-service,,] 35996 --- [main] com.netflix.discovery.DiscoveryClient    : Initializing Eureka in region us-east-1
2022-11-25 11:19:57.765  INFO [media-service,,] 35996 --- [main] c.n.d.s.r.aws.ConfigClusterResolver      : Resolving eureka endpoints via configuration
2022-11-25 11:19:57.794  INFO [media-service,,] 35996 --- [main] com.netflix.discovery.DiscoveryClient    : Disable delta property : false
2022-11-25 11:19:57.794  INFO [media-service,,] 35996 --- [main] com.netflix.discovery.DiscoveryClient    : Single vip registry refresh property : null
2022-11-25 11:19:57.794  INFO [media-service,,] 35996 --- [main] com.netflix.discovery.DiscoveryClient    : Force full registry fetch : false
2022-11-25 11:19:57.794  INFO [media-service,,] 35996 --- [main] com.netflix.discovery.DiscoveryClient    : Application is null : false
2022-11-25 11:19:57.795  INFO [media-service,,] 35996 --- [main] com.netflix.discovery.DiscoveryClient    : Registered Applications size is zero : true
2022-11-25 11:19:57.795  INFO [media-service,,] 35996 --- [main] com.netflix.discovery.DiscoveryClient    : Application version is -1: true
2022-11-25 11:19:57.795  INFO [media-service,,] 35996 --- [main] com.netflix.discovery.DiscoveryClient    : Getting all instance registry info from the eureka server
2022-11-25 11:19:58.034  INFO [media-service,,] 35996 --- [main] com.netflix.discovery.DiscoveryClient    : The response status is 200
2022-11-25 11:19:58.038  INFO [media-service,,] 35996 --- [main] com.netflix.discovery.DiscoveryClient    : Starting heartbeat executor: renew interval is: 30
2022-11-25 11:19:58.042  INFO [media-service,,] 35996 --- [main] c.n.discovery.InstanceInfoReplicator     : InstanceInfoReplicator onDemand update allowed rate per min is 4
2022-11-25 11:19:58.048  INFO [media-service,,] 35996 --- [main] com.netflix.discovery.DiscoveryClient    : Discovery Client initialized at timestamp 1669396798047 with initial instances count: 3
2022-11-25 11:19:58.059  INFO [media-service,,] 35996 --- [main] o.s.c.n.e.s.EurekaServiceRegistry        : Registering application MEDIA-SERVICE with eureka with status UP
2022-11-25 11:19:58.061  INFO [media-service,,] 35996 --- [main] com.netflix.discovery.DiscoveryClient    : Saw local status change event StatusChangeEvent [timestamp=1669396798061, current=UP, previous=STARTING]
2022-11-25 11:19:58.063  INFO [media-service,,] 35996 --- [DiscoveryClient-InstanceInfoReplicator-0] com.netflix.discovery.DiscoveryClient    : DiscoveryClient_MEDIA-SERVICE/HT-RD043481-01.digicelgroup.local:media-service:8080: registering service...
2022-11-25 11:19:58.103  INFO [media-service,,] 35996 --- [main] o.s.b.w.embedded.tomcat.TomcatWebServer  : Tomcat started on port(s): 8080 (http) with context path ''
2022-11-25 11:19:58.105  INFO [media-service,,] 35996 --- [main] .s.c.n.e.s.EurekaAutoServiceRegistration : Updating port to 8080
2022-11-25 11:19:58.117  INFO [media-service,,] 35996 --- [DiscoveryClient-InstanceInfoReplicator-0] com.netflix.discovery.DiscoveryClient    : DiscoveryClient_MEDIA-SERVICE/HT-RD043481-01.digicelgroup.local:media-service:8080 - registration status: 204
2022-11-25 11:19:58.402  INFO [media-service,,] 35996 --- [main] d.s.w.p.DocumentationPluginsBootstrapper : Context refreshed
2022-11-25 11:19:58.512  INFO [media-service,,] 35996 --- [main] d.s.w.p.DocumentationPluginsBootstrapper : Found 1 custom documentation plugin(s)
2022-11-25 11:19:58.578  INFO [media-service,,] 35996 --- [main] s.d.s.w.s.ApiListingReferenceScanner     : Scanning for api listing references
2022-11-25 11:19:58.913  INFO [media-service,,] 35996 --- [main] com.ralph.MediaApplication               : Started MediaApplication in 15.605 seconds (JVM running for 16.762)
2022-11-25 11:20:40.890  INFO [media-service,,] 35996 --- [http-nio-8080-exec-1] o.a.c.c.C.[Tomcat].[localhost].[/]       : Initializing Spring DispatcherServlet 'dispatcherServlet'
2022-11-25 11:20:40.891  INFO [media-service,,] 35996 --- [http-nio-8080-exec-1] o.s.web.servlet.DispatcherServlet        : Initializing Servlet 'dispatcherServlet'
2022-11-25 11:20:40.893  INFO [media-service,,] 35996 --- [http-nio-8080-exec-1] o.s.web.servlet.DispatcherServlet        : Completed initialization in 2 ms
2022-11-25 11:24:39.894  INFO [media-service,,] 35996 --- [SpringApplicationShutdownHook] o.s.c.n.e.s.EurekaServiceRegistry        : Unregistering application MEDIA-SERVICE with eureka with status DOWN
2022-11-25 11:24:39.895  INFO [media-service,,] 35996 --- [SpringApplicationShutdownHook] com.netflix.discovery.DiscoveryClient    : Saw local status change event StatusChangeEvent [timestamp=1669397079895, current=DOWN, previous=UP]
2022-11-25 11:24:39.896  INFO [media-service,,] 35996 --- [DiscoveryClient-InstanceInfoReplicator-0] com.netflix.discovery.DiscoveryClient    : DiscoveryClient_MEDIA-SERVICE/HT-RD043481-01.digicelgroup.local:media-service:8080: registering service...
2022-11-25 11:24:39.928  INFO [media-service,,] 35996 --- [DiscoveryClient-InstanceInfoReplicator-0] com.netflix.discovery.DiscoveryClient    : DiscoveryClient_MEDIA-SERVICE/HT-RD043481-01.digicelgroup.local:media-service:8080 - registration status: 204
2022-11-25 11:24:40.146  INFO [media-service,,] 35996 --- [SpringApplicationShutdownHook] j.LocalContainerEntityManagerFactoryBean : Closing JPA EntityManagerFactory for persistence unit 'default'
2022-11-25 11:24:40.152  INFO [media-service,,] 35996 --- [SpringApplicationShutdownHook] com.zaxxer.hikari.HikariDataSource       : HikariPool-1 - Shutdown initiated...
2022-11-25 11:24:40.160  INFO [media-service,,] 35996 --- [SpringApplicationShutdownHook] com.zaxxer.hikari.HikariDataSource       : HikariPool-1 - Shutdown completed.
2022-11-25 11:24:40.500  INFO [media-service,,] 35996 --- [SpringApplicationShutdownHook] com.netflix.discovery.DiscoveryClient    : Shutting down DiscoveryClient ...
2022-11-25 11:24:43.507  INFO [media-service,,] 35996 --- [SpringApplicationShutdownHook] com.netflix.discovery.DiscoveryClient    : Unregistering ...
2022-11-25 11:24:43.516  INFO [media-service,,] 35996 --- [SpringApplicationShutdownHook] com.netflix.discovery.DiscoveryClient    : DiscoveryClient_MEDIA-SERVICE/HT-RD043481-01.digicelgroup.local:media-service:8080 - deregister  status: 200
2022-11-25 11:24:43.524  INFO [media-service,,] 35996 --- [SpringApplicationShutdownHook] com.netflix.discovery.DiscoveryClient    : Completed shut down of DiscoveryClient
